<?xml version="1.0" encoding="UTF-8"?>
<!-- Generated by org.testng.reporters.JUnitReportReporter -->
<testsuite hostname="LAPTOP-QNA3O4MF" failures="0" tests="2" name="testcases.TC003_LoginTestDataDrivenConcepts" time="4.662" errors="0" timestamp="2025-05-08T18:53:31 IST" skipped="0">
  <testcase classname="testcases.TC003_LoginTestDataDrivenConcepts" name="verify_LoginTest" time="2.469"/>
  <testcase classname="testcases.TC003_LoginTestDataDrivenConcepts" name="verify_LoginTest" time="2.193"/>
</testsuite> <!-- testcases.TC003_LoginTestDataDrivenConcepts -->
