<?xml version="1.0" encoding="UTF-8"?>
<!-- Generated by org.testng.reporters.JUnitReportReporter -->
<testsuite hostname="LAPTOP-QNA3O4MF" failures="0" tests="1" name="TestNGConcepts.Testing" time="4.030" errors="0" timestamp="2025-04-09T13:37:25 IST" skipped="0">
  <testcase classname="TestNGConcepts.Testing" name="f" time="4.030"/>
</testsuite> <!-- TestNGConcepts.Testing -->
