<?xml version="1.0" encoding="UTF-8"?>
<!-- Generated by org.testng.reporters.JUnitReportReporter -->
<testsuite hostname="LAPTOP-QNA3O4MF" failures="0" tests="1" name="TestNGConcepts.AssertionsConcept" time="2.692" errors="0" timestamp="2025-04-10T20:13:45 IST" skipped="0">
  <testcase classname="TestNGConcepts.AssertionsConcept" name="count" time="2.692"/>
</testsuite> <!-- TestNGConcepts.AssertionsConcept -->
