<?xml version="1.0" encoding="UTF-8"?>
<!-- Generated by org.testng.reporters.JUnitReportReporter -->
<testsuite hostname="LAPTOP-QNA3O4MF" failures="0" tests="6" name="TestNGConcepts.PriorityConcepts" time="0.016" errors="0" timestamp="2025-04-17T18:50:55 IST" skipped="0">
  <testcase classname="TestNGConcepts.PriorityConcepts" name="logOut" time="0.009"/>
  <testcase classname="TestNGConcepts.PriorityConcepts" name="searchProduct" time="0.001"/>
  <testcase classname="TestNGConcepts.PriorityConcepts" name="addToCart" time="0.001"/>
  <testcase classname="TestNGConcepts.PriorityConcepts" name="signUp" time="0.002"/>
  <testcase classname="TestNGConcepts.PriorityConcepts" name="finish" time="0.001"/>
  <testcase classname="TestNGConcepts.PriorityConcepts" name="login" time="0.002"/>
</testsuite> <!-- TestNGConcepts.PriorityConcepts -->
