<?xml version="1.0" encoding="UTF-8"?>
<!-- Generated by org.testng.reporters.JUnitReportReporter -->
<testsuite hostname="LAPTOP-QNA3O4MF" failures="0" tests="5" name="TestNGConcepts.GroupsConcepts" time="0.017" errors="0" timestamp="2025-04-10T19:52:41 IST" skipped="0">
  <testcase classname="TestNGConcepts.GroupsConcepts" name="searchProduct" time="0.002"/>
  <testcase classname="TestNGConcepts.GroupsConcepts" name="finish" time="0.002"/>
  <testcase classname="TestNGConcepts.GroupsConcepts" name="addToCart" time="0.009"/>
  <testcase classname="TestNGConcepts.GroupsConcepts" name="logOut" time="0.002"/>
  <testcase classname="TestNGConcepts.GroupsConcepts" name="signUp" time="0.002"/>
</testsuite> <!-- TestNGConcepts.GroupsConcepts -->
