<?xml version="1.0" encoding="UTF-8"?>
<!-- Generated by org.testng.reporters.JUnitReportReporter -->
<testsuite hostname="LAPTOP-QNA3O4MF" failures="0" tests="2" name="TestNGConcepts.DataProviderConcepts" time="8.836" errors="0" timestamp="2025-04-15T19:18:13 IST" skipped="0">
  <testcase classname="TestNGConcepts.DataProviderConcepts" name="login" time="4.545"/>
  <testcase classname="TestNGConcepts.DataProviderConcepts" name="login" time="4.291"/>
</testsuite> <!-- TestNGConcepts.DataProviderConcepts -->
