<?xml version="1.0" encoding="UTF-8"?>
<!-- Generated by org.testng.reporters.JUnitReportReporter -->
<testsuite hostname="LAPTOP-QNA3O4MF" failures="0" tests="1" name="TestNGConcepts.AnnotationsConcepts" time="0.022" errors="0" timestamp="2025-04-10T18:39:59 IST" skipped="0">
  <testcase classname="TestNGConcepts.AnnotationsConcepts" name="testCase1" time="0.022"/>
</testsuite> <!-- TestNGConcepts.AnnotationsConcepts -->
