<?xml version="1.0" encoding="UTF-8"?>
<!-- Generated by org.testng.reporters.JUnitReportReporter -->
<testsuite hostname="LAPTOP-QNA3O4MF" failures="0" tests="6" name="TestNGConcepts.AlwaysRunEnableDescriptionConcepts" time="0.020" errors="0" timestamp="2025-04-10T19:36:27 IST" skipped="1">
  <testcase classname="TestNGConcepts.AlwaysRunEnableDescriptionConcepts" name="addToCart" time="0.002"/>
  <testcase classname="TestNGConcepts.AlwaysRunEnableDescriptionConcepts" name="signUp" time="0.001"/>
  <testcase classname="TestNGConcepts.AlwaysRunEnableDescriptionConcepts" name="searchProduct" time="0.002"/>
  <testcase classname="TestNGConcepts.AlwaysRunEnableDescriptionConcepts" name="finish" time="0.013"/>
  <testcase classname="TestNGConcepts.AlwaysRunEnableDescriptionConcepts" name="logOut" time="0.002"/>
  <testcase classname="TestNGConcepts.AlwaysRunEnableDescriptionConcepts" name="login">
    <skipped/>
  </testcase> <!-- login -->
</testsuite> <!-- TestNGConcepts.AlwaysRunEnableDescriptionConcepts -->
