<?xml version="1.0" encoding="UTF-8"?>
<!-- Generated by org.testng.reporters.JUnitReportReporter -->
<testsuite hostname="LAPTOP-QNA3O4MF" failures="0" tests="1" name="DemoClass.DataProvider" time="6.283" errors="0" timestamp="2025-04-14T20:51:58 IST" skipped="0">
  <testcase classname="DemoClass.DataProvider" name="login" time="6.283"/>
</testsuite> <!-- DemoClass.DataProvider -->
