<?xml version="1.0" encoding="UTF-8"?>
<!-- Generated by org.testng.reporters.JUnitReportReporter -->
<testsuite hostname="LAPTOP-QNA3O4MF" failures="0" tests="6" name="TestNGConcepts.DependsOnMethodsConcepts" time="0.050" errors="0" timestamp="2025-04-10T18:40:20 IST" skipped="0">
  <testcase classname="TestNGConcepts.DependsOnMethodsConcepts" name="searchProduct" time="0.003"/>
  <testcase classname="TestNGConcepts.DependsOnMethodsConcepts" name="addToCart" time="0.002"/>
  <testcase classname="TestNGConcepts.DependsOnMethodsConcepts" name="signUp" time="0.004"/>
  <testcase classname="TestNGConcepts.DependsOnMethodsConcepts" name="finish" time="0.037"/>
  <testcase classname="TestNGConcepts.DependsOnMethodsConcepts" name="login" time="0.002"/>
  <testcase classname="TestNGConcepts.DependsOnMethodsConcepts" name="logOut" time="0.002"/>
</testsuite> <!-- TestNGConcepts.DependsOnMethodsConcepts -->
