<?xml version="1.0" encoding="UTF-8"?>
<!-- Generated by org.testng.reporters.JUnitReportReporter -->
<testsuite hostname="LAPTOP-QNA3O4MF" failures="0" tests="1" name="testcases.TC001_RegistrationTest" time="3.453" errors="0" timestamp="2025-05-12T19:00:39 IST" skipped="0">
  <testcase classname="testcases.TC001_RegistrationTest" name="account_Registration" time="3.453"/>
</testsuite> <!-- testcases.TC001_RegistrationTest -->
