<?xml version="1.0" encoding="UTF-8"?>
<!-- Generated by org.testng.reporters.JUnitReportReporter -->
<testsuite hostname="LAPTOP-QNA3O4MF" failures="0" tests="2" name="testcases.TC003_LoginTestDataDrivenConcepts" time="5.331" errors="0" timestamp="2025-05-12T19:00:39 IST" skipped="0">
  <testcase classname="testcases.TC003_LoginTestDataDrivenConcepts" name="verify_LoginTest" time="2.664"/>
  <testcase classname="testcases.TC003_LoginTestDataDrivenConcepts" name="verify_LoginTest" time="2.667"/>
</testsuite> <!-- testcases.TC003_LoginTestDataDrivenConcepts -->
